<?xml version="1.0" encoding="UTF-8"?>
<testsuite xmlns:xsi="http://www.w3.org/2001/XMLSchema-instance" xsi:noNamespaceSchemaLocation="https://maven.apache.org/surefire/maven-surefire-plugin/xsd/surefire-test-report-3.0.xsd" version="3.0" name="TestSuite" time="50.88" tests="42" errors="0" skipped="0" failures="8">
  <properties>
[...]
</properties>
  <testcase name="testCreateIssue" classname="com.qa.tests.FlobizAssignment" time="8.016">
    <failure message="1 expectation failed.&#10;Expected status code &lt;201&gt; but was &lt;500&gt;.&#10;" type="java.lang.AssertionError"><![CDATA[java.lang.AssertionError: 
1 expectation failed.
Expected status code <201> but was <500>.

	at com.qa.tests.FlobizAssignment.testCreateIssue(FlobizAssignment.java:127)
]]></failure>
    <system-out><![CDATA[*** Test Suite Rest Basic Validations started ***
*** Running test method testCreateIssue...
Directory already exists: D:\WorkSpace\rest-assured-framework\TestReport
]]></system-out>
  </testcase>
  <testcase name="testCreateIssueErrorMessage" classname="com.qa.tests.FlobizAssignment" time="3.801"/>
  <testcase name="testIssueByFromEmail" classname="com.qa.tests.FlobizAssignment" time="1.719">
    <failure message="expected:&lt;true&gt; but was:&lt;false&gt;" type="junit.framework.AssertionFailedError"><![CDATA[junit.framework.AssertionFailedError: expected:<true> but was:<false>
	at com.qa.tests.FlobizAssignment.testIssueByFromEmail(FlobizAssignment.java:101)
]]></failure>
    <system-out><![CDATA[*** Executed testCreateIssueErrorMessage test successfully...
*** Running test method testIssueByFromEmail...
[
    {
        "_id": "5888abddf54b5f5900000409",
        "description": "This is a Edited issue of previous one",
        "customer": [
            {
                "_id": "5887dd51f54b5f59000000d8",
                "name": "restdb.io",
                "_created": "2017-01-24T23:03:45.332Z",
                "_changed": "2017-01-25T11:45:37.126Z"
            }
        ],
        "actions": [
            
        ],
        "screenshots": [
            
        ],
        "fromemail": "naren2profession@gmail.com",
        "ticket": "HLRR1",
        "title": "TESTING ISSUE!",
        "responsible": [
            {
                "_id": "5886f71fa4f1f47d00000444",
                "email": "jones@restdb.io",
                "name": "Jonnie Caseworker",
                "photo": [
                    "58876596f54b5f5900000004"
                ],
                "_created": "2017-01-24T06:41:35.705Z",
                "_changed": "2017-01-25T11:47:06.854Z"
            }
        ],
        "status": "Working",
        "status-message": "Fixed it, changed to tray 2",
        "id": 0
    },
    {
        "_id": "5888b0d1f54b5f590000040f",
        "description": "Issue2",
        "customer": [
            
        ],
        "actions": [
            
        ],
        "screenshots": [
            
        ],
        "fromemail": "naren2profession@gmail.com",
        "ticket": "D6FWV",
        "title": "New issue!",
        "responsible": [
            
        ],
        "status": "New",
        "status-message": ""
    },
    {
        "_id": "58889244f54b5f59000003cb",
        "description": "I've forgot my email or password.\nCould you please check it up?\n\nBTW: love your service :)",
        "customer": [
            {
                "_id": "5887dd51f54b5f59000000d8",
                "name": "restdb.io",
                "_created": "2017-01-24T23:03:45.332Z",
                "_changed": "2017-01-25T11:45:37.126Z",
                "_createdby": "jones@restdb.io",
                "_changedby": "jones@restdb.io",
                "_version": 3
            }
        ],
        "actions": [
            
        ],
        "screenshots": [
            "58889244f54b5f59000003ca"
        ],
        "fromemail": "jbeejones@gmail.com",
        "ticket": "9IERQ",
        "title": "Cannot log in",
        "responsible": [
            {
                "_id": "5886f71fa4f1f47d00000444",
                "email": "jones@restdb.io",
                "name": "Jonnie Caseworker",
                "photo": [
                    "58876596f54b5f5900000004"
                ],
                "_created": "2017-01-24T06:41:35.705Z",
                "_changed": "2017-01-25T11:47:06.854Z",
                "_createdby": "jones@restdb.io",
                "_changedby": "jones@restdb.io",
                "_version": 2
            }
        ],
        "status": "Resolved",
        "status-message": "Caps lock was on"
    },
    {
        "_id": "5888b386f54b5f5900000413",
        "description": "Strange behavior in IE6.",
        "customer": [
            {
                "_id": "5887dd51f54b5f59000000d8",
                "name": "restdb.io",
                "_created": "2017-01-24T23:03:45.332Z",
                "_changed": "2017-01-25T11:45:37.126Z",
                "_createdby": "jones@restdb.io",
                "_changedby": "jones@restdb.io",
                "_version": 3
            }
        ],
        "actions": [
            
        ],
        "screenshots": [
            "5888b385f54b5f5900000412"
        ],
        "fromemail": "jbeejones@gmail.com",
        "ticket": "2QRQ0",
        "title": "Browser crash",
        "responsible": [
            {
                "_id": "5886f71fa4f1f47d00000444",
                "email": "jones@restdb.io",
                "name": "Jonnie Caseworker",
                "photo": [
                    "58876596f54b5f5900000004"
                ],
                "_created": "2017-01-24T06:41:35.705Z",
                "_changed": "2017-01-25T11:47:06.854Z",
                "_createdby": "jones@restdb.io",
                "_changedby": "jones@restdb.io",
                "_version": 2
            }
        ],
        "status": "New",
        "status-message": ""
    },
    {
        "_id": "5da700e58a759833000033e5",
        "description": "This is a new issue",
        "fromemail": "knutmt@gmail.com",
        "title": "New Issue",
        "ticket": "WF33Z",
        "customer": [
            {
                "_id": "588890a5f54b5f59000003c9",
                "name": "Exxon Inc.",
                "_created": "2017-01-25T11:48:53.427Z",
                "_changed": "2017-01-25T11:48:53.427Z",
                "_createdby": "jones@restdb.io",
                "_changedby": "jones@restdb.io",
                "_version": 0
            }
        ],
        "status": "New"
    },
    {
        "_id": "5da83d38a0e3560400001a84",
        "description": "title2 updated",
        "fromemail": "knutmt@gmail.com",
        "title": "New issue!",
        "ticket": "5BY6X",
        "customer": [
            {
                "_id": "588890a5f54b5f59000003c9",
                "name": "Exxon Inc.",
                "_created": "2017-01-25T11:48:53.427Z",
                "_changed": "2017-01-25T11:48:53.427Z",
                "_createdby": "jones@restdb.io",
                "_changedby": "jones@restdb.io",
                "_version": 0
            }
        ],
        "status": "New"
    },
    {
        "_id": "5da853dca0e3560400001b3a",
        "description": "title3 updated",
        "fromemail": "knutmt@gmail.com",
        "title": "New Issue",
        "ticket": "5G6UR",
        "customer": [
            {
                "_id": "588890a5f54b5f59000003c9",
                "name": "Exxon Inc.",
                "_created": "2017-01-25T11:48:53.427Z",
                "_changed": "2017-01-25T11:48:53.427Z",
                "_createdby": "jones@restdb.io",
                "_changedby": "jones@restdb.io",
                "_version": 0
            }
        ],
        "status": "New"
    },
    {
        "_id": "5da855e6a0e3560400001b56",
        "description": "This is a new issue",
        "fromemail": "knutmt@gmail.com",
        "title": "New Issue",
        "ticket": "2QK2I",
        "customer": [
            {
                "_id": "588890a5f54b5f59000003c9",
                "name": "Exxon Inc.",
                "_created": "2017-01-25T11:48:53.427Z",
                "_changed": "2017-01-25T11:48:53.427Z",
                "_createdby": "jones@restdb.io",
                "_changedby": "jones@restdb.io",
                "_version": 0
            }
        ],
        "status": "New"
    },
    {
        "_id": "5da856bba0e3560400001b61",
        "description": "This is a new issue",
        "fromemail": "knutmt@gmail.com",
        "title": "New Issue",
        "ticket": "Y84P5",
        "customer": [
            {
                "_id": "588890a5f54b5f59000003c9",
                "name": "Exxon Inc.",
                "_created": "2017-01-25T11:48:53.427Z",
                "_changed": "2017-01-25T11:48:53.427Z",
                "_createdby": "jones@restdb.io",
                "_changedby": "jones@restdb.io",
                "_version": 0
            }
        ],
        "status": "New"
    },
    {
        "_id": "5da880dca0e3560400001cc3",
        "description": "This is a new issue",
        "fromemail": "knutmt@gmail.com",
        "title": "Old issue!",
        "ticket": "M5INK",
        "customer": [
            {
                "_id": "588890a5f54b5f59000003c9",
                "name": "Exxon Inc.",
                "_created": "2017-01-25T11:48:53.427Z",
                "_changed": "2017-01-25T11:48:53.427Z",
                "_createdby": "jones@restdb.io",
                "_changedby": "jones@restdb.io",
                "_version": 0
            }
        ],
        "status": "New"
    },
    {
        "_id": "5da8839fa0e3560400001ce1",
        "description": "This is a new issue",
        "fromemail": "knutmt@gmail.com",
        "title": "New Issue",
        "ticket": "57LQM",
        "customer": [
            {
                "_id": "588890a5f54b5f59000003c9",
                "name": "Exxon Inc.",
                "_created": "2017-01-25T11:48:53.427Z",
                "_changed": "2017-01-25T11:48:53.427Z",
                "_createdby": "jones@restdb.io",
                "_changedby": "jones@restdb.io",
                "_version": 0
            }
        ],
        "status": "New"
    },
    {
        "_id": "5da8a94ba0e3560400001ea2",
        "description": "This is a new issue",
        "fromemail": "knutmt@gmail.com",
        "title": "New Issue",
        "ticket": "W1WV0",
        "customer": [
            {
                "_id": "588890a5f54b5f59000003c9",
                "name": "Exxon Inc.",
                "_created": "2017-01-25T11:48:53.427Z",
                "_changed": "2017-01-25T11:48:53.427Z",
                "_createdby": "jones@restdb.io",
                "_changedby": "jones@restdb.io",
                "_version": 0
            }
        ],
        "status": "New"
    },
    {
        "_id": "5da8aa32a0e3560400001eb2",
        "description": "This is a new issue",
        "fromemail": "knutmt@gmail.com",
        "title": "New Issue",
        "ticket": "UIXW6",
        "customer": [
            {
                "_id": "588890a5f54b5f59000003c9",
                "name": "Exxon Inc.",
                "_created": "2017-01-25T11:48:53.427Z",
                "_changed": "2017-01-25T11:48:53.427Z",
                "_createdby": "jones@restdb.io",
                "_changedby": "jones@restdb.io",
                "_version": 0
            }
        ],
        "status": "New"
    },
    {
        "_id": "5da8aa3ca0e3560400001eb5",
        "title": "New Issue!",
        "ticket": "7HUV5",
        "customer": [
            {
                "_id": "588890a5f54b5f59000003c9",
                "name": "Exxon Inc.",
                "_created": "2017-01-25T11:48:53.427Z",
                "_changed": "2017-01-25T11:48:53.427Z",
                "_createdby": "jones@restdb.io",
                "_changedby": "jones@restdb.io",
                "_version": 0
            }
        ],
        "status": "New"
    },
    {
        "_id": "5da8ac4da0e3560400001ec6",
        "description": "This is a new issue",
        "fromemail": "knutmt@gmail.com",
        "title": "New Issue",
        "ticket": "1RH1A",
        "customer": [
            {
                "_id": "588890a5f54b5f59000003c9",
                "name": "Exxon Inc.",
                "_created": "2017-01-25T11:48:53.427Z",
                "_changed": "2017-01-25T11:48:53.427Z",
                "_createdby": "jones@restdb.io",
                "_changedby": "jones@restdb.io",
                "_version": 0
            }
        ],
        "status": "New"
    },
    {
        "_id": "5da8ac5ca0e3560400001ec9",
        "title": "New Issue2",
        "ticket": "DR7LE",
        "customer": [
            {
                "_id": "588890a5f54b5f59000003c9",
                "name": "Exxon Inc.",
                "_created": "2017-01-25T11:48:53.427Z",
                "_changed": "2017-01-25T11:48:53.427Z",
                "_createdby": "jones@restdb.io",
                "_changedby": "jones@restdb.io",
                "_version": 0
            }
        ],
        "status": "New"
    },
    {
        "_id": "5da8aebba0e3560400001ee9",
        "description": "This is a new issue",
        "fromemail": "knutmt@gmail.com",
        "title": "New Issue",
        "ticket": "IPA0K",
        "customer": [
            {
                "_id": "588890a5f54b5f59000003c9",
                "name": "Exxon Inc.",
                "_created": "2017-01-25T11:48:53.427Z",
                "_changed": "2017-01-25T11:48:53.427Z",
                "_createdby": "jones@restdb.io",
                "_changedby": "jones@restdb.io",
                "_version": 0
            }
        ],
        "status": "New"
    },
    {
        "_id": "5da8aec4a0e3560400001eed",
        "title": "sandeep",
        "ticket": "OSJOQ",
        "customer": [
            {
                "_id": "588890a5f54b5f59000003c9",
                "name": "Exxon Inc.",
                "_created": "2017-01-25T11:48:53.427Z",
                "_changed": "2017-01-25T11:48:53.427Z",
                "_createdby": "jones@restdb.io",
                "_changedby": "jones@restdb.io",
                "_version": 0
            }
        ],
        "status": "New"
    },
    {
        "_id": "5da8b030a0e3560400001efd",
        "title": "New Issue!",
        "ticket": "X2ON3",
        "customer": [
            {
                "_id": "588890a5f54b5f59000003c9",
                "name": "Exxon Inc.",
                "_created": "2017-01-25T11:48:53.427Z",
                "_changed": "2017-01-25T11:48:53.427Z",
                "_createdby": "jones@restdb.io",
                "_changedby": "jones@restdb.io",
                "_version": 0
            }
        ],
        "status": "New"
    },
    {
        "_id": "5da8c196a0e3560400001fca",
        "description": "This is a new issue",
        "fromemail": "knutmt@gmail.com",
        "title": "New Issue",
        "ticket": "6T3UI",
        "customer": [
            {
                "_id": "588890a5f54b5f59000003c9",
                "name": "Exxon Inc.",
                "_created": "2017-01-25T11:48:53.427Z",
                "_changed": "2017-01-25T11:48:53.427Z",
                "_createdby": "jones@restdb.io",
                "_changedby": "jones@restdb.io",
                "_version": 0
            }
        ],
        "status": "New"
    },
    {
        "_id": "5da96924a0e3560400004484",
        "description": "This is a new issue",
        "fromemail": "knutmt@gmail.com",
        "title": "New Issue",
        "ticket": "0IRJY",
        "customer": [
            {
                "_id": "588890a5f54b5f59000003c9",
                "name": "Exxon Inc.",
                "_created": "2017-01-25T11:48:53.427Z",
                "_changed": "2017-01-25T11:48:53.427Z",
                "_createdby": "jones@restdb.io",
                "_changedby": "jones@restdb.io",
                "_version": 0
            }
        ],
        "status": "New"
    },
    {
        "_id": "588893fbf54b5f59000003ce",
        "description": "I have updated this value",
        "customer": [
            {
                "_id": "5887dd51f54b5f59000000d8",
                "name": "restdb.io",
                "_created": "2017-01-24T23:03:45.332Z",
                "_changed": "2017-01-25T11:45:37.126Z"
            }
        ],
        "actions": [
            
        ],
        "screenshots": [
            "lkajsdldas"
        ],
        "fromemail": "jbeejones@gmail.com",
        "ticket": "8JGK3",
        "title": "New update",
        "responsible": [
            {
                "_id": "5886f71fa4f1f47d00000444",
                "email": "jones@restdb.io",
                "name": "Jonnie Caseworker",
                "photo": [
                    "58876596f54b5f5900000004"
                ],
                "_created": "2017-01-24T06:41:35.705Z",
                "_changed": "2017-01-25T11:47:06.854Z"
            }
        ],
        "status": "Working",
        "status-message": "It's fixed."
    },
    {
        "_id": "5daae864a0e3560400005a9e",
        "description": "This is a new issue 2",
        "fromemail": "knutmt@gmail.com",
        "title": "New issue 2!",
        "ticket": "KBR87",
        "customer": [
            {
                "_id": "588890a5f54b5f59000003c9",
                "name": "Exxon Inc.",
                "_created": "2017-01-25T11:48:53.427Z",
                "_changed": "2017-01-25T11:48:53.427Z"
            }
        ],
        "status": "New"
    },
    {
        "_id": "5daae8baa0e3560400005aa4",
        "description": "This is a new issue",
        "fromemail": "knutmt@gmail.com",
        "title": "New issue!",
        "ticket": "RAJO4",
        "customer": [
            {
                "_id": "588890a5f54b5f59000003c9",
                "name": "Exxon Inc.",
                "_created": "2017-01-25T11:48:53.427Z",
                "_changed": "2017-01-25T11:48:53.427Z"
            }
        ],
        "status": "New"
    },
    {
        "_id": "5daaea11a0e3560400005ab5",
        "description": "This is a new issue",
        "fromemail": "knutmt@gmail.com",
        "title": "New Issue",
        "ticket": "NU84O",
        "customer": [
            {
                "_id": "588890a5f54b5f59000003c9",
                "name": "Exxon Inc.",
                "_created": "2017-01-25T11:48:53.427Z",
                "_changed": "2017-01-25T11:48:53.427Z"
            }
        ],
        "status": "New"
    },
    {
        "_id": "5daaebd4a0e3560400005ac8",
        "description": "This is a new issue",
        "fromemail": "knutmt@gmail.com",
        "title": "New Issue",
        "ticket": "FFEVU",
        "customer": [
            {
                "_id": "588890a5f54b5f59000003c9",
                "name": "Exxon Inc.",
                "_created": "2017-01-25T11:48:53.427Z",
                "_changed": "2017-01-25T11:48:53.427Z"
            }
        ],
        "status": "New"
    },
    {
        "_id": "5daaec60a0e3560400005acd",
        "description": "This is a new issue",
        "fromemail": "knutmt@gmail.com",
        "title": "New Issue",
        "ticket": "02AF6",
        "customer": [
            {
                "_id": "588890a5f54b5f59000003c9",
                "name": "Exxon Inc.",
                "_created": "2017-01-25T11:48:53.427Z",
                "_changed": "2017-01-25T11:48:53.427Z"
            }
        ],
        "status": "New"
    },
    {
        "_id": "5daaecb4a0e3560400005ad4",
        "description": "This is a new issue",
        "fromemail": "knutmt@gmail.com",
        "title": "New Issue",
        "ticket": "QG7F1",
        "customer": [
            {
                "_id": "588890a5f54b5f59000003c9",
                "name": "Exxon Inc.",
                "_created": "2017-01-25T11:48:53.427Z",
                "_changed": "2017-01-25T11:48:53.427Z"
            }
        ],
        "status": "New"
    },
    {
        "_id": "5daaedb0a0e3560400005add",
        "description": "This is a new issue",
        "fromemail": "knutmt@gmail.com",
        "title": "New Issue",
        "ticket": "GWLPH",
        "customer": [
            {
                "_id": "588890a5f54b5f59000003c9",
                "name": "Exxon Inc.",
                "_created": "2017-01-25T11:48:53.427Z",
                "_changed": "2017-01-25T11:48:53.427Z"
            }
        ],
        "status": "New"
    },
    {
        "_id": "5daaedb9a0e3560400005ae0",
        "title": "New Issue",
        "ticket": "A3SPZ",
        "customer": [
            {
                "_id": "588890a5f54b5f59000003c9",
                "name": "Exxon Inc.",
                "_created": "2017-01-25T11:48:53.427Z",
                "_changed": "2017-01-25T11:48:53.427Z"
            }
        ],
        "status": "New"
    },
    {
        "_id": "5dab050c52d24412000000d3",
        "description": "This is a new issue",
        "fromemail": "knutmt@gmail.com",
        "title": "New Issue 9",
        "ticket": "NOK46",
        "customer": [
            {
                "_id": "588890a5f54b5f59000003c9",
                "name": "Exxon Inc.",
                "_created": "2017-01-25T11:48:53.427Z",
                "_changed": "2017-01-25T11:48:53.427Z"
            }
        ],
        "status": "New"
    },
    {
        "_id": "5dab09be52d24412000000f5",
        "description": "This is a new issue",
        "fromemail": "knutmt@gmail.com",
        "title": "New Issue",
        "ticket": "N84PT",
        "customer": [
            {
                "_id": "588890a5f54b5f59000003c9",
                "name": "Exxon Inc.",
                "_created": "2017-01-25T11:48:53.427Z",
                "_changed": "2017-01-25T11:48:53.427Z"
            }
        ],
        "status": "New"
    },
    {
        "_id": "5dab13c0d30bbb57000000a4",
        "description": "This is a new issue",
        "fromemail": "knutmt@gmail.com",
        "title": "New Issue0",
        "ticket": "LS2IN",
        "customer": [
            {
                "_id": "588890a5f54b5f59000003c9",
                "name": "Exxon Inc.",
                "_created": "2017-01-25T11:48:53.427Z",
                "_changed": "2017-01-25T11:48:53.427Z"
            }
        ],
        "status": "New"
    },
    {
        "_id": "5dab13dbd30bbb57000000a9",
        "description": "This is a new issue",
        "fromemail": "knutmt@gmail.com",
        "title": "New Issue0",
        "ticket": "ZVJNT",
        "customer": [
            {
                "_id": "588890a5f54b5f59000003c9",
                "name": "Exxon Inc.",
                "_created": "2017-01-25T11:48:53.427Z",
                "_changed": "2017-01-25T11:48:53.427Z"
            }
        ],
        "status": "New"
    },
    {
        "_id": "5dab1432d30bbb57000000af",
        "description": "This is a new issue",
        "fromemail": "knutmt@gmail.com",
        "title": "New Issue0",
        "ticket": "36BHC",
        "customer": [
            {
                "_id": "588890a5f54b5f59000003c9",
                "name": "Exxon Inc.",
                "_created": "2017-01-25T11:48:53.427Z",
                "_changed": "2017-01-25T11:48:53.427Z"
            }
        ],
        "status": "New"
    },
    {
        "_id": "5dab1614d30bbb57000000cc",
        "description": "This is a new issue",
        "fromemail": "knutmt@gmail.com",
        "title": "New Issue0",
        "ticket": "O8A26",
        "customer": [
            {
                "_id": "588890a5f54b5f59000003c9",
                "name": "Exxon Inc.",
                "_created": "2017-01-25T11:48:53.427Z",
                "_changed": "2017-01-25T11:48:53.427Z"
            }
        ],
        "status": "New"
    },
    {
        "_id": "5dab173bd30bbb57000000dc",
        "description": "This is a new issue",
        "fromemail": "knutmt@gmail.com",
        "title": "New Issue0",
        "ticket": "Y8BPA",
        "customer": [
            {
                "_id": "588890a5f54b5f59000003c9",
                "name": "Exxon Inc.",
                "_created": "2017-01-25T11:48:53.427Z",
                "_changed": "2017-01-25T11:48:53.427Z"
            }
        ],
        "status": "New"
    },
    {
        "_id": "5dab18d1d30bbb57000000f0",
        "description": "This is a new issue",
        "fromemail": "knutmt@gmail.com",
        "title": "New Issue",
        "ticket": "5VWWA",
        "customer": [
            {
                "_id": "588890a5f54b5f59000003c9",
                "name": "Exxon Inc.",
                "_created": "2017-01-25T11:48:53.427Z",
                "_changed": "2017-01-25T11:48:53.427Z"
            }
        ],
        "status": "New"
    },
    {
        "_id": "5dab19efd30bbb57000000fd",
        "description": "This is a new issue",
        "fromemail": "knutmt@gmail.com",
        "title": "New Issue",
        "ticket": "VBZKX",
        "customer": [
            {
                "_id": "588890a5f54b5f59000003c9",
                "name": "Exxon Inc.",
                "_created": "2017-01-25T11:48:53.427Z",
                "_changed": "2017-01-25T11:48:53.427Z"
            }
        ],
        "status": "New"
    },
    {
        "_id": "5dab1a03d30bbb5700000100",
        "description": "This is a new issue",
        "fromemail": "knutmt@gmail.com",
        "title": "New Issue0",
        "ticket": "1CDT0",
        "customer": [
            {
                "_id": "588890a5f54b5f59000003c9",
                "name": "Exxon Inc.",
                "_created": "2017-01-25T11:48:53.427Z",
                "_changed": "2017-01-25T11:48:53.427Z"
            }
        ],
        "status": "New"
    },
    {
        "_id": "5dab1c66d30bbb570000011a",
        "description": "title is updated",
        "fromemail": "knutmt@gmail.com",
        "title": "New Issue",
        "ticket": "55LCT",
        "customer": [
            {
                "_id": "588890a5f54b5f59000003c9",
                "name": "Exxon Inc.",
                "_created": "2017-01-25T11:48:53.427Z",
                "_changed": "2017-01-25T11:48:53.427Z"
            }
        ],
        "status": "New"
    },
    {
        "_id": "5dab1c6bd30bbb570000011d",
        "description": "title2 updated",
        "fromemail": "knutmt@gmail.com",
        "title": "New Issue",
        "ticket": "IAS0I",
        "customer": [
            {
                "_id": "588890a5f54b5f59000003c9",
                "name": "Exxon Inc.",
                "_created": "2017-01-25T11:48:53.427Z",
                "_changed": "2017-01-25T11:48:53.427Z"
            }
        ],
        "status": "New"
    },
    {
        "_id": "5dab1f8ad30bbb5700000136",
        "description": "title is updated",
        "fromemail": "knutmt@gmail.com",
        "title": "This is a new issue 1",
        "ticket": "A3G6S",
        "customer": [
            {
                "_id": "588890a5f54b5f59000003c9",
                "name": "Exxon Inc.",
                "_created": "2017-01-25T11:48:53.427Z",
                "_changed": "2017-01-25T11:48:53.427Z"
            }
        ],
        "status": "New"
    },
    {
        "_id": "5dab208ad30bbb5700000140",
        "description": "This is a new issue",
        "fromemail": "knutmt@gmail.com",
        "title": "New Issue",
        "ticket": "JWXDJ",
        "customer": [
            {
                "_id": "588890a5f54b5f59000003c9",
                "name": "Exxon Inc.",
                "_created": "2017-01-25T11:48:53.427Z",
                "_changed": "2017-01-25T11:48:53.427Z"
            }
        ],
        "status": "New"
    },
    {
        "_id": "5dab209fd30bbb5700000143",
        "description": "This is a new issue",
        "fromemail": "knutmt@gmail.com",
        "title": "New Issue0",
        "ticket": "19JL9",
        "customer": [
            {
                "_id": "588890a5f54b5f59000003c9",
                "name": "Exxon Inc.",
                "_created": "2017-01-25T11:48:53.427Z",
                "_changed": "2017-01-25T11:48:53.427Z"
            }
        ],
        "status": "New"
    },
    {
        "_id": "5dab229ad30bbb5700000156",
        "description": "This is a new issue",
        "fromemail": "knutmt@gmail.com",
        "title": "New Issue0",
        "ticket": "9Y0T1",
        "customer": [
            {
                "_id": "588890a5f54b5f59000003c9",
                "name": "Exxon Inc.",
                "_created": "2017-01-25T11:48:53.427Z",
                "_changed": "2017-01-25T11:48:53.427Z"
            }
        ],
        "status": "New"
    },
    {
        "_id": "5dab24b9d30bbb5700000169",
        "description": "This is a new issue",
        "fromemail": "knutmt@gmail.com",
        "title": "New Issue0",
        "ticket": "JXKDO",
        "customer": [
            {
                "_id": "588890a5f54b5f59000003c9",
                "name": "Exxon Inc.",
                "_created": "2017-01-25T11:48:53.427Z",
                "_changed": "2017-01-25T11:48:53.427Z"
            }
        ],
        "status": "New"
    },
    {
        "_id": "5dab25f9d30bbb5700000179",
        "description": "This is a new issue",
        "fromemail": "knutmt@gmail.com",
        "title": "New Issue",
        "ticket": "5IE6F",
        "customer": [
            {
                "_id": "588890a5f54b5f59000003c9",
                "name": "Exxon Inc.",
                "_created": "2017-01-25T11:48:53.427Z",
                "_changed": "2017-01-25T11:48:53.427Z"
            }
        ],
        "status": "New"
    },
    {
        "_id": "5dab2878d30bbb5700000197",
        "description": "This is a new issue",
        "fromemail": "knutmt@gmail.com",
        "title": "New Issue0",
        "ticket": "XP96F",
        "customer": [
            {
                "_id": "588890a5f54b5f59000003c9",
                "name": "Exxon Inc.",
                "_created": "2017-01-25T11:48:53.427Z",
                "_changed": "2017-01-25T11:48:53.427Z"
            }
        ],
        "status": "New"
    },
    {
        "_id": "5dab2b15d30bbb57000001b7",
        "description": "This is a new issue",
        "fromemail": "knutmt@gmail.com",
        "title": "New Issue",
        "ticket": "ZP0O5",
        "customer": [
            {
                "_id": "588890a5f54b5f59000003c9",
                "name": "Exxon Inc.",
                "_created": "2017-01-25T11:48:53.427Z",
                "_changed": "2017-01-25T11:48:53.427Z"
            }
        ],
        "status": "New"
    },
    {
        "_id": "5dab368cd30bbb5700000238",
        "description": "This is a new issue",
        "fromemail": "knutmt@gmail.com",
        "title": "New Issue",
        "ticket": "ZYYAU",
        "customer": [
            {
                "_id": "588890a5f54b5f59000003c9",
                "name": "Exxon Inc.",
                "_created": "2017-01-25T11:48:53.427Z",
                "_changed": "2017-01-25T11:48:53.427Z"
            }
        ],
        "status": "New"
    },
    {
        "_id": "5dab4e37d30bbb57000002f1",
        "description": "title is updated",
        "fromemail": "knutmt@gmail.com",
        "title": "This is a new issue 1",
        "ticket": "7S52C",
        "customer": [
            {
                "_id": "588890a5f54b5f59000003c9",
                "name": "Exxon Inc.",
                "_created": "2017-01-25T11:48:53.427Z",
                "_changed": "2017-01-25T11:48:53.427Z"
            }
        ],
        "status": "New"
    },
    {
        "_id": "5dab51b3d30bbb570000030a",
        "description": "title is updated",
        "fromemail": "knutmt@gmail.com",
        "title": "This is a new issue 1",
        "ticket": "A6A6V",
        "customer": [
            {
                "_id": "588890a5f54b5f59000003c9",
                "name": "Exxon Inc.",
                "_created": "2017-01-25T11:48:53.427Z",
                "_changed": "2017-01-25T11:48:53.427Z"
            }
        ],
        "status": "New"
    },
    {
        "_id": "5dab5276d30bbb5700000314",
        "description": "title is updated",
        "fromemail": "knutmt@gmail.com",
        "title": "This is a new issue 1",
        "ticket": "QTS96",
        "customer": [
            {
                "_id": "588890a5f54b5f59000003c9",
                "name": "Exxon Inc.",
                "_created": "2017-01-25T11:48:53.427Z",
                "_changed": "2017-01-25T11:48:53.427Z"
            }
        ],
        "status": "New"
    },
    {
        "_id": "5dab527bd30bbb5700000317",
        "description": "title2 updated",
        "fromemail": "knutmt@gmail.com",
        "title": "This is a new issue 2",
        "ticket": "DJGVC",
        "customer": [
            {
                "_id": "588890a5f54b5f59000003c9",
                "name": "Exxon Inc.",
                "_created": "2017-01-25T11:48:53.427Z",
                "_changed": "2017-01-25T11:48:53.427Z"
            }
        ],
        "status": "New"
    },
    {
        "_id": "5dab534bd30bbb570000031e",
        "description": "title is updated",
        "fromemail": "knutmt@gmail.com",
        "title": "This is a new issue 1",
        "ticket": "A8H49",
        "customer": [
            {
                "_id": "588890a5f54b5f59000003c9",
                "name": "Exxon Inc.",
                "_created": "2017-01-25T11:48:53.427Z",
                "_changed": "2017-01-25T11:48:53.427Z"
            }
        ],
        "status": "New"
    },
    {
        "_id": "5dab5350d30bbb5700000321",
        "description": "title2 updated",
        "fromemail": "knutmt@gmail.com",
        "title": "This is a new issue 2",
        "ticket": "LR0IE",
        "customer": [
            {
                "_id": "588890a5f54b5f59000003c9",
                "name": "Exxon Inc.",
                "_created": "2017-01-25T11:48:53.427Z",
                "_changed": "2017-01-25T11:48:53.427Z"
            }
        ],
        "status": "New"
    },
    {
        "_id": "5dab53a7d30bbb5700000326",
        "description": "title is updated",
        "fromemail": "knutmt@gmail.com",
        "title": "This is a new issue 1",
        "ticket": "XWFVT",
        "customer": [
            {
                "_id": "588890a5f54b5f59000003c9",
                "name": "Exxon Inc.",
                "_created": "2017-01-25T11:48:53.427Z",
                "_changed": "2017-01-25T11:48:53.427Z"
            }
        ],
        "status": "New"
    },
    {
        "_id": "5dab53abd30bbb5700000329",
        "description": "title2 updated",
        "fromemail": "knutmt@gmail.com",
        "title": "This is a new issue 2",
        "ticket": "P9YL8",
        "customer": [
            {
                "_id": "588890a5f54b5f59000003c9",
                "name": "Exxon Inc.",
                "_created": "2017-01-25T11:48:53.427Z",
                "_changed": "2017-01-25T11:48:53.427Z"
            }
        ],
        "status": "New"
    },
    {
        "_id": "5dab55acd30bbb5700000336",
        "description": "title is updated",
        "fromemail": "knutmt@gmail.com",
        "title": "This is a new issue 1",
        "ticket": "160LM",
        "customer": [
            {
                "_id": "588890a5f54b5f59000003c9",
                "name": "Exxon Inc.",
                "_created": "2017-01-25T11:48:53.427Z",
                "_changed": "2017-01-25T11:48:53.427Z"
            }
        ],
        "status": "New"
    },
    {
        "_id": "5dab55b1d30bbb570000033a",
        "description": "title2 updated",
        "fromemail": "knutmt@gmail.com",
        "title": "This is a new issue 2",
        "ticket": "FRLTD",
        "customer": [
            {
                "_id": "588890a5f54b5f59000003c9",
                "name": "Exxon Inc.",
                "_created": "2017-01-25T11:48:53.427Z",
                "_changed": "2017-01-25T11:48:53.427Z"
            }
        ],
        "status": "New"
    },
    {
        "_id": "5dab5697d30bbb5700000341",
        "description": "title is updated",
        "fromemail": "knutmt@gmail.com",
        "title": "This is a new issue 1",
        "ticket": "TNFTA",
        "customer": [
            {
                "_id": "588890a5f54b5f59000003c9",
                "name": "Exxon Inc.",
                "_created": "2017-01-25T11:48:53.427Z",
                "_changed": "2017-01-25T11:48:53.427Z"
            }
        ],
        "status": "New"
    },
    {
        "_id": "5dab569cd30bbb5700000344",
        "description": "title2 updated",
        "fromemail": "knutmt@gmail.com",
        "title": "This is a new issue 2",
        "ticket": "ZSSB1",
        "customer": [
            {
                "_id": "588890a5f54b5f59000003c9",
                "name": "Exxon Inc.",
                "_created": "2017-01-25T11:48:53.427Z",
                "_changed": "2017-01-25T11:48:53.427Z"
            }
        ],
        "status": "New"
    },
    {
        "_id": "5dab585dd30bbb5700000350",
        "description": "title is updated",
        "fromemail": "knutmt@gmail.com",
        "title": "This is a new issue 1",
        "ticket": "O5KVW",
        "customer": [
            {
                "_id": "588890a5f54b5f59000003c9",
                "name": "Exxon Inc.",
                "_created": "2017-01-25T11:48:53.427Z",
                "_changed": "2017-01-25T11:48:53.427Z"
            }
        ],
        "status": "New"
    },
    {
        "_id": "5dab5862d30bbb5700000353",
        "description": "title2 updated",
        "fromemail": "knutmt@gmail.com",
        "title": "This is a new issue 2",
        "ticket": "3DW5V",
        "customer": [
            {
                "_id": "588890a5f54b5f59000003c9",
                "name": "Exxon Inc.",
                "_created": "2017-01-25T11:48:53.427Z",
                "_changed": "2017-01-25T11:48:53.427Z"
            }
        ],
        "status": "New"
    },
    {
        "_id": "5dab58b4d30bbb5700000359",
        "description": "title is updated",
        "fromemail": "knutmt@gmail.com",
        "title": "This is a new issue 1",
        "ticket": "KIUON",
        "customer": [
            {
                "_id": "588890a5f54b5f59000003c9",
                "name": "Exxon Inc.",
                "_created": "2017-01-25T11:48:53.427Z",
                "_changed": "2017-01-25T11:48:53.427Z"
            }
        ],
        "status": "New"
    },
    {
        "_id": "5dab58b8d30bbb570000035c",
        "description": "title2 updated",
        "fromemail": "knutmt@gmail.com",
        "title": "This is a new issue 2",
        "ticket": "RS6XH",
        "customer": [
            {
                "_id": "588890a5f54b5f59000003c9",
                "name": "Exxon Inc.",
                "_created": "2017-01-25T11:48:53.427Z",
                "_changed": "2017-01-25T11:48:53.427Z"
            }
        ],
        "status": "New"
    },
    {
        "_id": "5dab6f5fd30bbb5700000453",
        "description": "This is a new issue",
        "fromemail": "knutmt@gmail.com",
        "title": "New Issue",
        "ticket": "21HMM",
        "customer": [
            {
                "_id": "588890a5f54b5f59000003c9",
                "name": "Exxon Inc.",
                "_created": "2017-01-25T11:48:53.427Z",
                "_changed": "2017-01-25T11:48:53.427Z"
            }
        ],
        "status": "New"
    },
    {
        "_id": "5dab6f96d30bbb5700000457",
        "description": "This is a new issue",
        "fromemail": "knutmt@gmail.com",
        "title": "New Issue",
        "ticket": "2U6TZ",
        "customer": [
            {
                "_id": "588890a5f54b5f59000003c9",
                "name": "Exxon Inc.",
                "_created": "2017-01-25T11:48:53.427Z",
                "_changed": "2017-01-25T11:48:53.427Z"
            }
        ],
        "status": "New"
    },
    {
        "_id": "5dab7922d30bbb57000004af",
        "description": "This is a new issue For Test",
        "fromemail": "knutmt@gmail.com",
        "title": "New Issue",
        "ticket": "EE8ZY",
        "customer": [
            {
                "_id": "588890a5f54b5f59000003c9",
                "name": "Exxon Inc.",
                "_created": "2017-01-25T11:48:53.427Z",
                "_changed": "2017-01-25T11:48:53.427Z"
            }
        ],
        "status": "New"
    },
    {
        "_id": "5dabfe4cd30bbb57000009a8",
        "description": "title is updated",
        "fromemail": "knutmt@gmail.com",
        "title": "This is a new issue 1",
        "ticket": "HV3EX",
        "customer": [
            {
                "_id": "588890a5f54b5f59000003c9",
                "name": "Exxon Inc.",
                "_created": "2017-01-25T11:48:53.427Z",
                "_changed": "2017-01-25T11:48:53.427Z"
            }
        ],
        "status": "New"
    },
    {
        "_id": "5dabfe51d30bbb57000009ab",
        "description": "title2 updated",
        "fromemail": "knutmt@gmail.com",
        "title": "This is a new issue 2",
        "ticket": "I7BN4",
        "customer": [
            {
                "_id": "588890a5f54b5f59000003c9",
                "name": "Exxon Inc.",
                "_created": "2017-01-25T11:48:53.427Z",
                "_changed": "2017-01-25T11:48:53.427Z"
            }
        ],
        "status": "New"
    },
    {
        "_id": "5dac0100d30bbb57000009ce",
        "description": "This is a new issue",
        "fromemail": "knutmt@gmail.com",
        "title": "New Issue",
        "ticket": "RD030",
        "customer": [
            {
                "_id": "588890a5f54b5f59000003c9",
                "name": "Exxon Inc.",
                "_created": "2017-01-25T11:48:53.427Z",
                "_changed": "2017-01-25T11:48:53.427Z"
            }
        ],
        "status": "New"
    },
    {
        "_id": "5dac0113d30bbb57000009d2",
        "description": "This is a new issue",
        "fromemail": "knutmt@gmail.com",
        "title": "New Issue",
        "ticket": "J4R96",
        "customer": [
            {
                "_id": "588890a5f54b5f59000003c9",
                "name": "Exxon Inc.",
                "_created": "2017-01-25T11:48:53.427Z",
                "_changed": "2017-01-25T11:48:53.427Z"
            }
        ],
        "status": "New"
    },
    {
        "_id": "5dac01eed30bbb57000009dd",
        "description": "This is a new issue",
        "fromemail": "knutmt@gmail.com",
        "title": "New Issue",
        "ticket": "ACLOE",
        "customer": [
            {
                "_id": "588890a5f54b5f59000003c9",
                "name": "Exxon Inc.",
                "_created": "2017-01-25T11:48:53.427Z",
                "_changed": "2017-01-25T11:48:53.427Z"
            }
        ],
        "status": "New"
    },
    {
        "_id": "5dac0230d30bbb57000009e3",
        "description": "This is a new issue",
        "fromemail": "knutmt@gmail.com",
        "title": "New Issue",
        "ticket": "PFMKE",
        "customer": [
            {
                "_id": "588890a5f54b5f59000003c9",
                "name": "Exxon Inc.",
                "_created": "2017-01-25T11:48:53.427Z",
                "_changed": "2017-01-25T11:48:53.427Z"
            }
        ],
        "status": "New"
    },
    {
        "_id": "5dac0258d30bbb57000009e7",
        "description": "This is a new issue",
        "fromemail": "knutmt@gmail.com",
        "title": "Newff Issue",
        "ticket": "1K0Y8",
        "customer": [
            {
                "_id": "588890a5f54b5f59000003c9",
                "name": "Exxon Inc.",
                "_created": "2017-01-25T11:48:53.427Z",
                "_changed": "2017-01-25T11:48:53.427Z"
            }
        ],
        "status": "New"
    },
    {
        "_id": "5dac0275d30bbb57000009ec",
        "description": "This is a new issue",
        "fromemail": "knutmt@gmail.com",
        "title": "Shubham Issue",
        "ticket": "T9XLX",
        "customer": [
            {
                "_id": "588890a5f54b5f59000003c9",
                "name": "Exxon Inc.",
                "_created": "2017-01-25T11:48:53.427Z",
                "_changed": "2017-01-25T11:48:53.427Z"
            }
        ],
        "status": "New"
    },
    {
        "_id": "5dac030fd30bbb57000009f2",
        "description": "This is a new issue",
        "fromemail": "knutmt@gmail.com",
        "title": "Shubham Issue",
        "ticket": "N7CA4",
        "customer": [
            {
                "_id": "588890a5f54b5f59000003c9",
                "name": "Exxon Inc.",
                "_created": "2017-01-25T11:48:53.427Z",
                "_changed": "2017-01-25T11:48:53.427Z"
            }
        ],
        "status": "New"
    },
    {
        "_id": "5dac076bd30bbb5700000a1d",
        "description": "This is a new issue",
        "fromemail": "knutmt@gmail.com",
        "title": "Shubham Issue",
        "ticket": "0TH2R",
        "customer": [
            {
                "_id": "588890a5f54b5f59000003c9",
                "name": "Exxon Inc.",
                "_created": "2017-01-25T11:48:53.427Z",
                "_changed": "2017-01-25T11:48:53.427Z"
            }
        ],
        "status": "New"
    },
    {
        "_id": "5dac084ed30bbb5700000a27",
        "description": "This is a new issue",
        "fromemail": "knutmt@gmail.com",
        "title": "Shubham Issue",
        "ticket": "7R83V",
        "customer": [
            {
                "_id": "588890a5f54b5f59000003c9",
                "name": "Exxon Inc.",
                "_created": "2017-01-25T11:48:53.427Z",
                "_changed": "2017-01-25T11:48:53.427Z"
            }
        ],
        "status": "New"
    },
    {
        "_id": "5dac0a27d30bbb5700000a38",
        "description": "This is a new issue",
        "fromemail": "knutmt@gmail.com",
        "title": "Shubham Issue",
        "ticket": "2PZND",
        "customer": [
            {
                "_id": "588890a5f54b5f59000003c9",
                "name": "Exxon Inc.",
                "_created": "2017-01-25T11:48:53.427Z",
                "_changed": "2017-01-25T11:48:53.427Z"
            }
        ],
        "status": "New"
    },
    {
        "_id": "5dac0dcbd30bbb5700000a5e",
        "description": "This is a new issue",
        "fromemail": "knutmt@gmail.com",
        "title": "Shubham Issue",
        "ticket": "R56Y5",
        "customer": [
            {
                "_id": "588890a5f54b5f59000003c9",
                "name": "Exxon Inc.",
                "_created": "2017-01-25T11:48:53.427Z",
                "_changed": "2017-01-25T11:48:53.427Z"
            }
        ],
        "status": "New"
    },
    {
        "_id": "5dac0e0cd30bbb5700000a63",
        "description": "This is a new issue",
        "fromemail": "knutmt@gmail.com",
        "title": "Shubham Issue",
        "ticket": "XHPHX",
        "customer": [
            {
                "_id": "588890a5f54b5f59000003c9",
                "name": "Exxon Inc.",
                "_created": "2017-01-25T11:48:53.427Z",
                "_changed": "2017-01-25T11:48:53.427Z"
            }
        ],
        "status": "New"
    },
    {
        "_id": "5dac0fcbd30bbb5700000a79",
        "description": "This is a new issue",
        "fromemail": "knutmt@gmail.com",
        "title": "Shubham Issue",
        "ticket": "8NELM",
        "customer": [
            {
                "_id": "588890a5f54b5f59000003c9",
                "name": "Exxon Inc.",
                "_created": "2017-01-25T11:48:53.427Z",
                "_changed": "2017-01-25T11:48:53.427Z"
            }
        ],
        "status": "New"
    },
    {
        "_id": "5dac100cd30bbb5700000a7e",
        "description": "This is a new issue",
        "fromemail": "knutmt@gmail.com",
        "title": "Shubham Issue",
        "ticket": "1WTEH",
        "customer": [
            {
                "_id": "588890a5f54b5f59000003c9",
                "name": "Exxon Inc.",
                "_created": "2017-01-25T11:48:53.427Z",
                "_changed": "2017-01-25T11:48:53.427Z"
            }
        ],
        "status": "New"
    },
    {
        "_id": "5dac10e3d30bbb5700000a87",
        "description": "This is a new issue",
        "fromemail": "knutmt@gmail.com",
        "title": "Shubham Issue",
        "ticket": "TMMA1",
        "customer": [
            {
                "_id": "588890a5f54b5f59000003c9",
                "name": "Exxon Inc.",
                "_created": "2017-01-25T11:48:53.427Z",
                "_changed": "2017-01-25T11:48:53.427Z"
            }
        ],
        "status": "New"
    },
    {
        "_id": "5dac1609d30bbb5700000aad",
        "description": "This is a new issue",
        "fromemail": "knutmt@gmail.com",
        "title": "New Issue",
        "ticket": "0CKXF",
        "customer": [
            {
                "_id": "588890a5f54b5f59000003c9",
                "name": "Exxon Inc.",
                "_created": "2017-01-25T11:48:53.427Z",
                "_changed": "2017-01-25T11:48:53.427Z"
            }
        ],
        "status": "New"
    },
    {
        "_id": "5dac1ae3d30bbb5700000ace",
        "description": "title is updated",
        "fromemail": "knutmt@gmail.com",
        "title": "This is a new issue 1",
        "ticket": "8C5U6",
        "customer": [
            {
                "_id": "588890a5f54b5f59000003c9",
                "name": "Exxon Inc.",
                "_created": "2017-01-25T11:48:53.427Z",
                "_changed": "2017-01-25T11:48:53.427Z"
            }
        ],
        "status": "New"
    },
    {
        "_id": "5dac1ae8d30bbb5700000ad1",
        "description": "title2 updated",
        "fromemail": "knutmt@gmail.com",
        "title": "This is a new issue 2",
        "ticket": "U6ZAK",
        "customer": [
            {
                "_id": "588890a5f54b5f59000003c9",
                "name": "Exxon Inc.",
                "_created": "2017-01-25T11:48:53.427Z",
                "_changed": "2017-01-25T11:48:53.427Z"
            }
        ],
        "status": "New"
    },
    {
        "_id": "5dac1df3d30bbb5700000af2",
        "description": "title is updated",
        "fromemail": "knutmt@gmail.com",
        "title": "This is a new issue 1",
        "ticket": "FXBW8",
        "customer": [
            {
                "_id": "588890a5f54b5f59000003c9",
                "name": "Exxon Inc.",
                "_created": "2017-01-25T11:48:53.427Z",
                "_changed": "2017-01-25T11:48:53.427Z"
            }
        ],
        "status": "New"
    },
    {
        "_id": "5dac1df8d30bbb5700000af5",
        "description": "title2 updated",
        "fromemail": "knutmt@gmail.com",
        "title": "This is a new issue 2",
        "ticket": "2XKKU",
        "customer": [
            {
                "_id": "588890a5f54b5f59000003c9",
                "name": "Exxon Inc.",
                "_created": "2017-01-25T11:48:53.427Z",
                "_changed": "2017-01-25T11:48:53.427Z"
            }
        ],
        "status": "New"
    },
    {
        "_id": "5dac1e49d30bbb5700000af9",
        "description": "title is updated",
        "fromemail": "knutmt@gmail.com",
        "title": "This is a new issue 1",
        "ticket": "LDJBW",
        "customer": [
            {
                "_id": "588890a5f54b5f59000003c9",
                "name": "Exxon Inc.",
                "_created": "2017-01-25T11:48:53.427Z",
                "_changed": "2017-01-25T11:48:53.427Z"
            }
        ],
        "status": "New"
    },
    {
        "_id": "5dac1e4ed30bbb5700000afd",
        "description": "title2 updated",
        "fromemail": "knutmt@gmail.com",
        "title": "This is a new issue 2",
        "ticket": "5LFH4",
        "customer": [
            {
                "_id": "588890a5f54b5f59000003c9",
                "name": "Exxon Inc.",
                "_created": "2017-01-25T11:48:53.427Z",
                "_changed": "2017-01-25T11:48:53.427Z"
            }
        ],
        "status": "New"
    },
    {
        "_id": "5dac421fd30bbb5700000c3c",
        "description": "This is a new issue",
        "fromemail": "knutmt@gmail.com",
        "title": "Shubham Issue",
        "ticket": "7XURI",
        "customer": [
            {
                "_id": "588890a5f54b5f59000003c9",
                "name": "Exxon Inc.",
                "_created": "2017-01-25T11:48:53.427Z",
                "_changed": "2017-01-25T11:48:53.427Z"
            }
        ],
        "status": "New"
    },
    {
        "_id": "5dac4eaad30bbb5700000ca7",
        "description": "This is a new issue",
        "fromemail": "knutmt@gmail.com",
        "title": "New Issue",
        "ticket": "SJEYL",
        "customer": [
            {
                "_id": "588890a5f54b5f59000003c9",
                "name": "Exxon Inc.",
                "_created": "2017-01-25T11:48:53.427Z",
                "_changed": "2017-01-25T11:48:53.427Z"
            }
        ],
        "status": "New"
    },
    {
        "_id": "5dac8f1cd30bbb5700000f7e",
        "description": "This is a new issue",
        "fromemail": "knutmt@gmail.com",
        "title": "New Issue",
        "ticket": "ZSOLP",
        "customer": [
            {
                "_id": "588890a5f54b5f59000003c9",
                "name": "Exxon Inc.",
                "_created": "2017-01-25T11:48:53.427Z",
                "_changed": "2017-01-25T11:48:53.427Z"
            }
        ],
        "status": "New"
    },
    {
        "_id": "5dac8f20d30bbb5700000f81",
        "description": "This is a new issue",
        "fromemail": "knutmt@gmail.com",
        "title": "New Issue",
        "ticket": "92CAD",
        "customer": [
            {
                "_id": "588890a5f54b5f59000003c9",
                "name": "Exxon Inc.",
                "_created": "2017-01-25T11:48:53.427Z",
                "_changed": "2017-01-25T11:48:53.427Z"
            }
        ],
        "status": "New"
    },
    {
        "_id": "5dacac83d30bbb5700001136",
        "description": "This is a new issue",
        "fromemail": "knutmt@gmail.com",
        "title": "New Issue",
        "ticket": "UAGAV",
        "customer": [
            {
                "_id": "588890a5f54b5f59000003c9",
                "name": "Exxon Inc.",
                "_created": "2017-01-25T11:48:53.427Z",
                "_changed": "2017-01-25T11:48:53.427Z"
            }
        ],
        "status": "New"
    },
    {
        "_id": "5dacae91d30bbb5700001153",
        "description": "This is a new issue",
        "fromemail": "knutmt@gmail.com",
        "title": "New Issue",
        "ticket": "WLU9G",
        "customer": [
            {
                "_id": "588890a5f54b5f59000003c9",
                "name": "Exxon Inc.",
                "_created": "2017-01-25T11:48:53.427Z",
                "_changed": "2017-01-25T11:48:53.427Z"
            }
        ],
        "status": "New"
    },
    {
        "_id": "5dacb7fad30bbb57000011c3",
        "description": "This is a new issue",
        "fromemail": "knutmt@gmail.com",
        "title": "New Issue",
        "ticket": "H9WNH",
        "customer": [
            {
                "_id": "588890a5f54b5f59000003c9",
                "name": "Exxon Inc.",
                "_created": "2017-01-25T11:48:53.427Z",
                "_changed": "2017-01-25T11:48:53.427Z"
            }
        ],
        "status": "New"
    },
    {
        "_id": "5dacbfa1d30bbb570000121b",
        "description": "This is a new issue",
        "fromemail": "knutmt@gmail.com",
        "title": "New Issue",
        "ticket": "24GTY",
        "customer": [
            {
                "_id": "588890a5f54b5f59000003c9",
                "name": "Exxon Inc.",
                "_created": "2017-01-25T11:48:53.427Z",
                "_changed": "2017-01-25T11:48:53.427Z"
            }
        ],
        "status": "New"
    },
    {
        "_id": "5dacc0acd30bbb570000122f",
        "description": "This is a new issue",
        "fromemail": "knutmt@gmail.com",
        "title": "New Issue",
        "ticket": "SGF1B",
        "customer": [
            {
                "_id": "588890a5f54b5f59000003c9",
                "name": "Exxon Inc.",
                "_created": "2017-01-25T11:48:53.427Z",
                "_changed": "2017-01-25T11:48:53.427Z"
            }
        ],
        "status": "New"
    },
    {
        "_id": "5dacc0dfd30bbb5700001233",
        "description": "This is a new issue",
        "fromemail": "knutmt@gmail.com",
        "title": "New Issue",
        "ticket": "ZG2DE",
        "customer": [
            {
                "_id": "588890a5f54b5f59000003c9",
                "name": "Exxon Inc.",
                "_created": "2017-01-25T11:48:53.427Z",
                "_changed": "2017-01-25T11:48:53.427Z"
            }
        ],
        "status": "New"
    },
    {
        "_id": "5dacc10ad30bbb5700001237",
        "description": "This is a new issue",
        "fromemail": "knutmt@gmail.com",
        "title": "New Issue",
        "ticket": "RP92K",
        "customer": [
            {
                "_id": "588890a5f54b5f59000003c9",
                "name": "Exxon Inc.",
                "_created": "2017-01-25T11:48:53.427Z",
                "_changed": "2017-01-25T11:48:53.427Z"
            }
        ],
        "status": "New"
    },
    {
        "_id": "5dacc1bfd30bbb5700001244",
        "description": "This is a new issue",
        "fromemail": "knutmt@gmail.com",
        "title": "New Issue",
        "ticket": "KO2NK",
        "customer": [
            {
                "_id": "588890a5f54b5f59000003c9",
                "name": "Exxon Inc.",
                "_created": "2017-01-25T11:48:53.427Z",
                "_changed": "2017-01-25T11:48:53.427Z"
            }
        ],
        "status": "New"
    },
    {
        "_id": "5dacc1fcd30bbb5700001249",
        "description": "This is a new issue",
        "fromemail": "knutmt@gmail.com",
        "title": "New Issue",
        "ticket": "4ETEB",
        "customer": [
            {
                "_id": "588890a5f54b5f59000003c9",
                "name": "Exxon Inc.",
                "_created": "2017-01-25T11:48:53.427Z",
                "_changed": "2017-01-25T11:48:53.427Z"
            }
        ],
        "status": "New"
    },
    {
        "_id": "5dacc211d30bbb570000124d",
        "description": "This is a new issue",
        "fromemail": "knutmt@gmail.com",
        "title": "New Issue",
        "ticket": "YM9PW",
        "customer": [
            {
                "_id": "588890a5f54b5f59000003c9",
                "name": "Exxon Inc.",
                "_created": "2017-01-25T11:48:53.427Z",
                "_changed": "2017-01-25T11:48:53.427Z"
            }
        ],
        "status": "New"
    },
    {
        "_id": "5dacc397d30bbb5700001264",
        "description": "This is a new issue",
        "fromemail": "knutmt@gmail.com",
        "title": "New Issue",
        "ticket": "SEJ5F",
        "customer": [
            {
                "_id": "588890a5f54b5f59000003c9",
                "name": "Exxon Inc.",
                "_created": "2017-01-25T11:48:53.427Z",
                "_changed": "2017-01-25T11:48:53.427Z"
            }
        ],
        "status": "New"
    },
    {
        "_id": "5dacc48fd30bbb5700001270",
        "description": "This is a new issue",
        "fromemail": "knutmt@gmail.com",
        "title": "New Issue",
        "ticket": "A96F7",
        "customer": [
            {
                "_id": "588890a5f54b5f59000003c9",
                "name": "Exxon Inc.",
                "_created": "2017-01-25T11:48:53.427Z",
                "_changed": "2017-01-25T11:48:53.427Z"
            }
        ],
        "status": "New"
    },
    {
        "_id": "5dacc4afd30bbb5700001274",
        "description": "This is a new issue",
        "fromemail": "knutmt@gmail.com",
        "title": "New Issue",
        "ticket": "F1E7Z",
        "customer": [
            {
                "_id": "588890a5f54b5f59000003c9",
                "name": "Exxon Inc.",
                "_created": "2017-01-25T11:48:53.427Z",
                "_changed": "2017-01-25T11:48:53.427Z"
            }
        ],
        "status": "New"
    },
    {
        "_id": "5dacc4cad30bbb5700001278",
        "description": "This is a new issue",
        "fromemail": "knutmt@gmail.com",
        "title": "New Issue",
        "ticket": "MNYS8",
        "customer": [
            {
                "_id": "588890a5f54b5f59000003c9",
                "name": "Exxon Inc.",
                "_created": "2017-01-25T11:48:53.427Z",
                "_changed": "2017-01-25T11:48:53.427Z"
            }
        ],
        "status": "New"
    },
    {
        "_id": "5dacc50ad30bbb570000127d",
        "description": "This is a new issue",
        "fromemail": "knutmt@gmail.com",
        "title": "New Issue",
        "ticket": "LJWFB",
        "customer": [
            {
                "_id": "588890a5f54b5f59000003c9",
                "name": "Exxon Inc.",
                "_created": "2017-01-25T11:48:53.427Z",
                "_changed": "2017-01-25T11:48:53.427Z"
            }
        ],
        "status": "New"
    },
    {
        "_id": "5dacc539d30bbb5700001284",
        "description": "This is a new issue",
        "fromemail": "knutmt@gmail.com",
        "title": "New Issue",
        "ticket": "35VD5",
        "customer": [
            {
                "_id": "588890a5f54b5f59000003c9",
                "name": "Exxon Inc.",
                "_created": "2017-01-25T11:48:53.427Z",
                "_changed": "2017-01-25T11:48:53.427Z"
            }
        ],
        "status": "New"
    },
    {
        "_id": "5dacc80ad30bbb57000012ab",
        "description": "This is a new issue",
        "fromemail": "knutmt@gmail.com",
        "title": "New Issue",
        "ticket": "CVGUJ",
        "customer": [
            {
                "_id": "588890a5f54b5f59000003c9",
                "name": "Exxon Inc.",
                "_created": "2017-01-25T11:48:53.427Z",
                "_changed": "2017-01-25T11:48:53.427Z"
            }
        ],
        "status": "New"
    },
    {
        "_id": "5dacc821d30bbb57000012ae",
        "description": "This is a new issue",
        "fromemail": "knutmt@gmail.com",
        "title": "New Issue",
        "ticket": "3C5NL",
        "customer": [
            {
                "_id": "588890a5f54b5f59000003c9",
                "name": "Exxon Inc.",
                "_created": "2017-01-25T11:48:53.427Z",
                "_changed": "2017-01-25T11:48:53.427Z"
            }
        ],
        "status": "New"
    },
    {
        "_id": "5dacc986d30bbb57000012ca",
        "description": "This is a new issue",
        "fromemail": "knutmt@gmail.com",
        "title": "New Issue",
        "ticket": "LZJRI",
        "customer": [
            {
                "_id": "588890a5f54b5f59000003c9",
                "name": "Exxon Inc.",
                "_created": "2017-01-25T11:48:53.427Z",
                "_changed": "2017-01-25T11:48:53.427Z"
            }
        ],
        "status": "New"
    },
    {
        "_id": "5dacca16d30bbb57000012d6",
        "description": "This is a new issue",
        "fromemail": "knutmt@gmail.com",
        "title": "New Issue",
        "ticket": "4CNP4",
        "customer": [
            {
                "_id": "588890a5f54b5f59000003c9",
                "name": "Exxon Inc.",
                "_created": "2017-01-25T11:48:53.427Z",
                "_changed": "2017-01-25T11:48:53.427Z"
            }
        ],
        "status": "New"
    },
    {
        "_id": "5dacca34d30bbb57000012da",
        "description": "This is a new issue",
        "fromemail": "knutmt@gmail.com",
        "title": "New Issue",
        "ticket": "0FTD1",
        "customer": [
            {
                "_id": "588890a5f54b5f59000003c9",
                "name": "Exxon Inc.",
                "_created": "2017-01-25T11:48:53.427Z",
                "_changed": "2017-01-25T11:48:53.427Z"
            }
        ],
        "status": "New"
    },
    {
        "_id": "5dacca6dd30bbb57000012e0",
        "description": "This is a new issue",
        "fromemail": "knutmt@gmail.com",
        "title": "New Issue",
        "ticket": "CPMMA",
        "customer": [
            {
                "_id": "588890a5f54b5f59000003c9",
                "name": "Exxon Inc.",
                "_created": "2017-01-25T11:48:53.427Z",
                "_changed": "2017-01-25T11:48:53.427Z"
            }
        ],
        "status": "New"
    },
    {
        "_id": "5dad37cfd30bbb570000191b",
        "description": "This is a new issue",
        "fromemail": "knutmt@gmail.com",
        "title": "New Issue",
        "ticket": "YZV28",
        "customer": [
            {
                "_id": "588890a5f54b5f59000003c9",
                "name": "Exxon Inc.",
                "_created": "2017-01-25T11:48:53.427Z",
                "_changed": "2017-01-25T11:48:53.427Z"
            }
        ],
        "status": "New"
    },
    {
        "_id": "5dad3a0ed30bbb5700001930",
        "description": "This is created issue by manisha",
        "fromemail": "knutmt@gmail.com",
        "title": "New Issue",
        "ticket": "6KPOO",
        "customer": [
            {
                "_id": "588890a5f54b5f59000003c9",
                "name": "Exxon Inc.",
                "_created": "2017-01-25T11:48:53.427Z",
                "_changed": "2017-01-25T11:48:53.427Z"
            }
        ],
        "status": "New"
    },
    {
        "_id": "5dad40ebd30bbb5700001970",
        "description": "This is a new issue1",
        "fromemail": "knutmt@gmail.com",
        "title": "New Issue",
        "ticket": "6YBLF",
        "customer": [
            {
                "_id": "588890a5f54b5f59000003c9",
                "name": "Exxon Inc.",
                "_created": "2017-01-25T11:48:53.427Z",
                "_changed": "2017-01-25T11:48:53.427Z"
            }
        ],
        "status": "New"
    },
    {
        "_id": "5dad43a1d30bbb5700001996",
        "description": "This is a new issue",
        "fromemail": "knutmt@gmail.com",
        "title": "New Issue",
        "ticket": "Z9QJ5",
        "customer": [
            {
                "_id": "588890a5f54b5f59000003c9",
                "name": "Exxon Inc.",
                "_created": "2017-01-25T11:48:53.427Z",
                "_changed": "2017-01-25T11:48:53.427Z"
            }
        ],
        "status": "New"
    },
    {
        "_id": "5dad43aad30bbb5700001999",
        "title": "New Issue",
        "ticket": "8P6GO",
        "customer": [
            {
                "_id": "588890a5f54b5f59000003c9",
                "name": "Exxon Inc.",
                "_created": "2017-01-25T11:48:53.427Z",
                "_changed": "2017-01-25T11:48:53.427Z"
            }
        ],
        "status": "New"
    },
    {
        "_id": "5dad507dd30bbb5700001bc7",
        "description": "This is a new issue",
        "fromemail": "knutmt@gmail.com",
        "title": "New Issue",
        "ticket": "XCTBC",
        "customer": [
            {
                "_id": "588890a5f54b5f59000003c9",
                "name": "Exxon Inc.",
                "_created": "2017-01-25T11:48:53.427Z",
                "_changed": "2017-01-25T11:48:53.427Z"
            }
        ],
        "status": "New"
    },
    {
        "_id": "5dad6185d30bbb5700001c55",
        "description": "This is created issue by manisha",
        "fromemail": "knutmt@gmail.com",
        "title": "New Issue",
        "ticket": "3W4DC",
        "customer": [
            {
                "_id": "588890a5f54b5f59000003c9",
                "name": "Exxon Inc.",
                "_created": "2017-01-25T11:48:53.427Z",
                "_changed": "2017-01-25T11:48:53.427Z"
            }
        ],
        "status": "New"
    },
    {
        "_id": "5dad619bd30bbb5700001c59",
        "description": "This is created issue by manisha",
        "fromemail": "knutmt@gmail.com",
        "title": "New Issue",
        "ticket": "VTTDZ",
        "customer": [
            {
                "_id": "588890a5f54b5f59000003c9",
                "name": "Exxon Inc.",
                "_created": "2017-01-25T11:48:53.427Z",
                "_changed": "2017-01-25T11:48:53.427Z"
            }
        ],
        "status": "New"
    },
    {
        "_id": "5dad63fdd30bbb5700001c73",
        "description": "This is a new issue",
        "fromemail": "knutmt@gmail.com",
        "title": "New Issue",
        "ticket": "F8XX1",
        "customer": [
            {
                "_id": "588890a5f54b5f59000003c9",
                "name": "Exxon Inc.",
                "_created": "2017-01-25T11:48:53.427Z",
                "_changed": "2017-01-25T11:48:53.427Z"
            }
        ],
        "status": "New"
    },
    {
        "_id": "5dad65f8d30bbb5700001c88",
        "description": "This is a new issue",
        "fromemail": "knutmt@gmail.com",
        "title": "New Issue",
        "ticket": "BLJRW",
        "customer": [
            {
                "_id": "588890a5f54b5f59000003c9",
                "name": "Exxon Inc.",
                "_created": "2017-01-25T11:48:53.427Z",
                "_changed": "2017-01-25T11:48:53.427Z"
            }
        ],
        "status": "New"
    },
    {
        "_id": "5dad79e5d30bbb5700001d48",
        "description": "This is a new issue1",
        "fromemail": "test123@gmail.com",
        "title": "New Issue 1",
        "ticket": "W0S07",
        "customer": [
            {
                "_id": "5887dd51f54b5f59000000d8",
                "name": "restdb.io",
                "_created": "2017-01-24T23:03:45.332Z",
                "_changed": "2017-01-25T11:45:37.126Z"
            }
        ],
        "status": "New"
    },
    {
        "_id": "5dad7c03d30bbb5700001dea",
        "description": "This is a new issue 1",
        "fromemail": "test123@gmail.com",
        "title": "New issue 1",
        "ticket": "5K87U",
        "customer": [
            {
                "_id": "5887dd51f54b5f59000000d8",
                "name": "restdb.io",
                "_created": "2017-01-24T23:03:45.332Z",
                "_changed": "2017-01-25T11:45:37.126Z"
            }
        ],
        "status": "New"
    },
    {
        "_id": "5dad7c1ed30bbb5700001ded",
        "description": "This is a new issue 1",
        "fromemail": "test123@gmail.com",
        "title": "New issue 1",
        "ticket": "OXNWR",
        "customer": [
            {
                "_id": "5887dd51f54b5f59000000d8",
                "name": "restdb.io",
                "_created": "2017-01-24T23:03:45.332Z",
                "_changed": "2017-01-25T11:45:37.126Z"
            }
        ],
        "status": "New"
    },
    {
        "_id": "5dad7fb6d30bbb5700001e33",
        "description": "This is a new issue 1",
        "fromemail": "test123@gmail.com",
        "title": "New issue 1",
        "ticket": "PL8OH",
        "customer": [
            {
                "_id": "5887dd51f54b5f59000000d8",
                "name": "restdb.io",
                "_created": "2017-01-24T23:03:45.332Z",
                "_changed": "2017-01-25T11:45:37.126Z"
            }
        ],
        "status": "New"
    },
    {
        "_id": "5dad83b1d30bbb5700001e67",
        "description": "This is a new issue2",
        "fromemail": "test123@gmail.com",
        "title": "New Issue 2",
        "ticket": "DIHX4",
        "customer": [
            {
                "_id": "5887dd51f54b5f59000000d8",
                "name": "restdb.io",
                "_created": "2017-01-24T23:03:45.332Z",
                "_changed": "2017-01-25T11:45:37.126Z"
            }
        ],
        "status": "New"
    },
    {
        "_id": "5dad87ddd30bbb5700001e92",
        "description": "This is a new issue 4",
        "fromemail": "test123@gmail.com",
        "title": "New issue 4",
        "id": 0,
        "ticket": "PUUDO",
        "customer": [
            {
                "_id": "5887dd51f54b5f59000000d8",
                "name": "restdb.io",
                "_created": "2017-01-24T23:03:45.332Z",
                "_changed": "2017-01-25T11:45:37.126Z"
            }
        ],
        "status": "New"
    },
    {
        "_id": "5dad88a2d30bbb5700001e9a",
        "description": "This is a new issue 4",
        "fromemail": "test123@gmail.com",
        "title": "New issue 4",
        "id": 0,
        "ticket": "V81YS",
        "customer": [
            {
                "_id": "5887dd51f54b5f59000000d8",
                "name": "restdb.io",
                "_created": "2017-01-24T23:03:45.332Z",
                "_changed": "2017-01-25T11:45:37.126Z"
            }
        ],
        "status": "New"
    },
    {
        "_id": "5dad9814d30bbb5700001f3d",
        "description": "This is a new issue2",
        "fromemail": "test123@gmail.com",
        "title": "New issue1!",
        "ticket": "Q0TY1",
        "customer": [
            {
                "_id": "5887dd51f54b5f59000000d8",
                "name": "restdb.io",
                "_created": "2017-01-24T23:03:45.332Z",
                "_changed": "2017-01-25T11:45:37.126Z"
            }
        ],
        "status": "New"
    },
    {
        "_id": "5dada101d30bbb5700001fb9",
        "description": "This is a new issue 4",
        "fromemail": "test123@gmail.com",
        "title": "New issue 4",
        "id": 0,
        "ticket": "K6D1P",
        "customer": [
            {
                "_id": "5887dd51f54b5f59000000d8",
                "name": "restdb.io",
                "_created": "2017-01-24T23:03:45.332Z",
                "_changed": "2017-01-25T11:45:37.126Z"
            }
        ],
        "status": "New"
    },
    {
        "_id": "5dae366dd30bbb57000028b0",
        "description": "This is a sample description",
        "title": "Sample Title 1",
        "fromEmail": "knutmt@gmail.com",
        "ticket": "ED9YV",
        "customer": [
            {
                "_id": "5887dd51f54b5f59000000d8",
                "name": "restdb.io",
                "_created": "2017-01-24T23:03:45.332Z",
                "_changed": "2017-01-25T11:45:37.126Z"
            }
        ],
        "status": "New"
    },
    {
        "_id": "5dae382fd30bbb57000028bf",
        "description": "This is a sample description",
        "title": "Sample Title 1",
        "fromEmail": "knutmt@gmail.com",
        "ticket": "6QTK1",
        "customer": [
            {
                "_id": "5887dd51f54b5f59000000d8",
                "name": "restdb.io",
                "_created": "2017-01-24T23:03:45.332Z",
                "_changed": "2017-01-25T11:45:37.126Z"
            }
        ],
        "status": "New"
    },
    {
        "_id": "5dae3835d30bbb57000028c2",
        "description": "32434 98374293 9238423",
        "title": "5463456345 66356",
        "fromEmail": "knutmt@gmail.com",
        "ticket": "X00PD",
        "customer": [
            {
                "_id": "5887dd51f54b5f59000000d8",
                "name": "restdb.io",
                "_created": "2017-01-24T23:03:45.332Z",
                "_changed": "2017-01-25T11:45:37.126Z"
            }
        ],
        "status": "New"
    },
    {
        "_id": "5dae3839d30bbb57000028c4",
        "description": "normal text for description",
        "title": "normal text for title",
        "fromEmail": "randomemail@gmail.com",
        "ticket": "O8OEJ",
        "customer": [
            {
                "_id": "5887dd51f54b5f59000000d8",
                "name": "restdb.io",
                "_created": "2017-01-24T23:03:45.332Z",
                "_changed": "2017-01-25T11:45:37.126Z"
            }
        ],
        "status": "New"
    },
    {
        "_id": "5da884a5a0e3560400001ce9",
        "description": "THIS This is a new issue by THOMAS",
        "fromemail": "knutmt@gmail.com",
        "title": "$#%#$%^#%&$%^&$^*&^*%^",
        "ticket": "95FQB",
        "customer": [
            {
                "_id": "588890a5f54b5f59000003c9",
                "name": "Exxon Inc.",
                "_created": "2017-01-25T11:48:53.427Z",
                "_changed": "2017-01-25T11:48:53.427Z",
                "_createdby": "jones@restdb.io",
                "_changedby": "jones@restdb.io",
                "_version": 0
            }
        ],
        "status": "New"
    },
    {
        "_id": "5dae3e3ad30bbb57000028fc",
        "description": "This is a sample description",
        "title": "Sample Title 1",
        "fromEmail": "knutmt@gmail.com",
        "ticket": "P7ISX",
        "customer": [
            {
                "_id": "5887dd51f54b5f59000000d8",
                "name": "restdb.io",
                "_created": "2017-01-24T23:03:45.332Z",
                "_changed": "2017-01-25T11:45:37.126Z"
            }
        ],
        "status": "New"
    },
    {
        "_id": "5dae3e56d30bbb57000028ff",
        "description": "32434 98374293 9238423",
        "title": "5463456345 66356",
        "fromEmail": "knutmt@gmail.com",
        "ticket": "XIU3N",
        "customer": [
            {
                "_id": "5887dd51f54b5f59000000d8",
                "name": "restdb.io",
                "_created": "2017-01-24T23:03:45.332Z",
                "_changed": "2017-01-25T11:45:37.126Z"
            }
        ],
        "status": "New"
    },
    {
        "_id": "5dae3e5ad30bbb5700002901",
        "description": "normal text for description",
        "title": "normal text for title",
        "fromEmail": "randomemail@gmail.com",
        "ticket": "FBNR8",
        "customer": [
            {
                "_id": "5887dd51f54b5f59000000d8",
                "name": "restdb.io",
                "_created": "2017-01-24T23:03:45.332Z",
                "_changed": "2017-01-25T11:45:37.126Z"
            }
        ],
        "status": "New"
    },
    {
        "_id": "5dae4623d30bbb570000293e",
        "description": "This is a sample description",
        "title": "Sample Title 1",
        "fromEmail": "knutmt@gmail.com",
        "ticket": "RK7L9",
        "customer": [
            {
                "_id": "5887dd51f54b5f59000000d8",
                "name": "restdb.io",
                "_created": "2017-01-24T23:03:45.332Z",
                "_changed": "2017-01-25T11:45:37.126Z"
            }
        ],
        "status": "New"
    },
    {
        "_id": "5dae4629d30bbb5700002940",
        "description": "32434 98374293 9238423",
        "title": "5463456345 66356",
        "fromEmail": "knutmt@gmail.com",
        "ticket": "4JKO8",
        "customer": [
            {
                "_id": "5887dd51f54b5f59000000d8",
                "name": "restdb.io",
                "_created": "2017-01-24T23:03:45.332Z",
                "_changed": "2017-01-25T11:45:37.126Z"
            }
        ],
        "status": "New"
    },
    {
        "_id": "5dae462dd30bbb5700002942",
        "description": "normal text for description",
        "title": "normal text for title",
        "fromEmail": "randomemail@gmail.com",
        "ticket": "WD1SK",
        "customer": [
            {
                "_id": "5887dd51f54b5f59000000d8",
                "name": "restdb.io",
                "_created": "2017-01-24T23:03:45.332Z",
                "_changed": "2017-01-25T11:45:37.126Z"
            }
        ],
        "status": "New"
    },
    {
        "_id": "5dae483dd30bbb5700002956",
        "description": "This is a sample description",
        "title": "Sample Title 1",
        "fromEmail": "knutmt@gmail.com",
        "ticket": "9ZIG4",
        "customer": [
            {
                "_id": "5887dd51f54b5f59000000d8",
                "name": "restdb.io",
[...]
        "title": "New Issue",
        "ticket": "DNCD7",
        "customer": [
            {
                "_id": "588890a5f54b5f59000003c9",
                "name": "Exxon Inc.",
                "_created": "2017-01-25T11:48:53.427Z",
                "_changed": "2017-01-25T11:48:53.427Z"
            }
        ],
        "status": "New"
    },
    {
        "_id": "5dd57c4b9be3681c000028d7",
        "description": "This is a new issue",
        "fromemail": "flobiztest@gmail.com",
        "title": "New Issue",
        "ticket": "X7TV3",
        "customer": [
            {
                "_id": "588890a5f54b5f59000003c9",
                "name": "Exxon Inc.",
                "_created": "2017-01-25T11:48:53.427Z",
                "_changed": "2017-01-25T11:48:53.427Z"
            }
        ],
        "status": "New"
    },
    {
        "_id": "5dd5860e9be3681c0000291d",
        "description": "This is a new issue",
        "fromemail": "flobiztest@gmail.com",
        "title": "New Issue",
        "ticket": "RZHFN",
        "customer": [
            {
                "_id": "588890a5f54b5f59000003c9",
                "name": "Exxon Inc.",
                "_created": "2017-01-25T11:48:53.427Z",
                "_changed": "2017-01-25T11:48:53.427Z"
            }
        ],
        "status": "New"
    },
    {
        "_id": "5dd58ec29be3681c0000297f",
        "description": "This is a new issue",
        "fromemail": "flobiztest@gmail.com",
        "title": "New Issue",
        "ticket": "G1W34",
        "customer": [
            {
                "_id": "588890a5f54b5f59000003c9",
                "name": "Exxon Inc.",
                "_created": "2017-01-25T11:48:53.427Z",
                "_changed": "2017-01-25T11:48:53.427Z"
            }
        ],
        "status": "New"
    },
    {
        "_id": "5da85a08a0e3560400001b79",
        "description": "This is a new issue",
        "fromemail": "knutmt@gmail.com",
        "title": "New issue!",
        "ticket": "7V9BW",
        "customer": [
            {
                "_id": "588890a5f54b5f59000003c9",
                "name": "Exxon Inc.",
                "_created": "2017-01-25T11:48:53.427Z",
                "_changed": "2017-01-25T11:48:53.427Z",
                "_createdby": "jones@restdb.io",
                "_changedby": "jones@restdb.io",
                "_version": 0
            }
        ],
        "status": "New"
    },
    {
        "_id": "5dd618b69be3681c00002d86",
        "description": "This is a new issue",
        "title": "New Issue",
        "from email": "knutmt@gmail.com",
        "ticket": "3FQZ3",
        "customer": [
            {
                "_id": "5887dd51f54b5f59000000d8",
                "name": "restdb.io",
                "_created": "2017-01-24T23:03:45.332Z",
                "_changed": "2017-01-25T11:45:37.126Z"
            }
        ],
        "status": "New"
    },
    {
        "_id": "5dd618be9be3681c00002d88",
        "description": "This is a new issue",
        "title": "New Issue",
        "from email": "knutmt@gmail.com",
        "ticket": "7R00D",
        "customer": [
            {
                "_id": "5887dd51f54b5f59000000d8",
                "name": "restdb.io",
                "_created": "2017-01-24T23:03:45.332Z",
                "_changed": "2017-01-25T11:45:37.126Z"
            }
        ],
        "status": "New"
    },
    {
        "_id": "5dd6aee69be3681c000031c1",
        "description": "This is a new issue",
        "fromemail": "flobiztest@gmail.com",
        "title": "New Issue",
        "ticket": "R1W8M",
        "customer": [
            {
                "_id": "588890a5f54b5f59000003c9",
                "name": "Exxon Inc.",
                "_created": "2017-01-25T11:48:53.427Z",
                "_changed": "2017-01-25T11:48:53.427Z"
            }
        ],
        "status": "New"
    },
    {
        "_id": "5dd6afbe9be3681c000031da",
        "description": "This is a new issue",
        "fromemail": "flobiztest@gmail.com",
        "title": "159357",
        "ticket": "7WJYG",
        "customer": [
            {
                "_id": "588890a5f54b5f59000003c9",
                "name": "Exxon Inc.",
                "_created": "2017-01-25T11:48:53.427Z",
                "_changed": "2017-01-25T11:48:53.427Z"
            }
        ],
        "status": "New"
    },
    {
        "_id": "5dd6b6259be3681c00003236",
        "description": "This is a new issue",
        "fromemail": "flobiztest@gmail.com",
        "title": "New Issue",
        "ticket": "UXNZT",
        "customer": [
            {
                "_id": "588890a5f54b5f59000003c9",
                "name": "Exxon Inc.",
                "_created": "2017-01-25T11:48:53.427Z",
                "_changed": "2017-01-25T11:48:53.427Z"
            }
        ],
        "status": "New"
    },
    {
        "_id": "5dd6b62e9be3681c00003239",
        "description": "This is a new issue",
        "fromemail": "flobiztest@gmail.com",
        "title": "New Issue",
        "ticket": "IXAI4",
        "customer": [
            {
                "_id": "588890a5f54b5f59000003c9",
                "name": "Exxon Inc.",
                "_created": "2017-01-25T11:48:53.427Z",
                "_changed": "2017-01-25T11:48:53.427Z"
            }
        ],
        "status": "New"
    },
    {
        "_id": "5dd6b6339be3681c0000323c",
        "description": "This is a new issue",
        "fromemail": "flobiztest@gmail.com",
        "title": "18811nsn#",
        "ticket": "WGKMC",
        "customer": [
            {
                "_id": "588890a5f54b5f59000003c9",
                "name": "Exxon Inc.",
                "_created": "2017-01-25T11:48:53.427Z",
                "_changed": "2017-01-25T11:48:53.427Z"
            }
        ],
        "status": "New"
    },
    {
        "_id": "5dd6b8239be3681c0000324e",
        "description": "This is a new issue",
        "fromemail": "flobiztest@gmail.com",
        "title": "New Issue",
        "ticket": "TWXFN",
        "customer": [
            {
                "_id": "588890a5f54b5f59000003c9",
                "name": "Exxon Inc.",
                "_created": "2017-01-25T11:48:53.427Z",
                "_changed": "2017-01-25T11:48:53.427Z"
            }
        ],
        "status": "New"
    },
    {
        "_id": "5dd6b82a9be3681c00003251",
        "description": "This is a new issue",
        "fromemail": "flobiztest@gmail.com",
        "title": "New Issue",
        "ticket": "023T3",
        "customer": [
            {
                "_id": "588890a5f54b5f59000003c9",
                "name": "Exxon Inc.",
                "_created": "2017-01-25T11:48:53.427Z",
                "_changed": "2017-01-25T11:48:53.427Z"
            }
        ],
        "status": "New"
    },
    {
        "_id": "5dd6b9eb9be3681c00003264",
        "description": "This is a new issue",
        "fromemail": "flobiztest@gmail.com",
        "title": "New Issue",
        "ticket": "D3ZYM",
        "customer": [
            {
                "_id": "588890a5f54b5f59000003c9",
                "name": "Exxon Inc.",
                "_created": "2017-01-25T11:48:53.427Z",
                "_changed": "2017-01-25T11:48:53.427Z"
            }
        ],
        "status": "New"
    },
    {
        "_id": "5dd6b9f59be3681c00003267",
        "description": "This is a new issue",
        "fromemail": "flobiztest@gmail.com",
        "title": "11148aswoq9023#",
        "ticket": "53ONE",
        "customer": [
            {
                "_id": "588890a5f54b5f59000003c9",
                "name": "Exxon Inc.",
                "_created": "2017-01-25T11:48:53.427Z",
                "_changed": "2017-01-25T11:48:53.427Z"
            }
        ],
        "status": "New"
    },
    {
        "_id": "5dd795239be3681c000038d9",
        "description": "This is a new issue",
        "fromemail": "flobiztest@gmail.com",
        "title": "New Issue",
        "ticket": "S8KCI",
        "customer": [
            {
                "_id": "588890a5f54b5f59000003c9",
                "name": "Exxon Inc.",
                "_created": "2017-01-25T11:48:53.427Z",
                "_changed": "2017-01-25T11:48:53.427Z"
            }
        ],
        "status": "New"
    },
    {
        "_id": "5dd796c99be3681c000038e7",
        "description": "This is a new issue",
        "fromemail": "flobiztest@gmail.com",
        "title": "New Issue",
        "ticket": "11JJ3",
        "customer": [
            {
                "_id": "588890a5f54b5f59000003c9",
                "name": "Exxon Inc.",
                "_created": "2017-01-25T11:48:53.427Z",
                "_changed": "2017-01-25T11:48:53.427Z"
            }
        ],
        "status": "New"
    },
    {
        "_id": "5dd797119be3681c000038eb",
        "description": "This is a new issue",
        "fromemail": "flobiztest@gmail.com",
        "title": "New Issue",
        "ticket": "PWOBA",
        "customer": [
            {
                "_id": "588890a5f54b5f59000003c9",
                "name": "Exxon Inc.",
                "_created": "2017-01-25T11:48:53.427Z",
                "_changed": "2017-01-25T11:48:53.427Z"
            }
        ],
        "status": "New"
    },
    {
        "_id": "5dd7978a9be3681c000038f0",
        "description": "This is a new issue",
        "fromemail": "flobiztest@gmail.com",
        "title": "New Issue",
        "ticket": "OE7M2",
        "customer": [
            {
                "_id": "588890a5f54b5f59000003c9",
                "name": "Exxon Inc.",
                "_created": "2017-01-25T11:48:53.427Z",
                "_changed": "2017-01-25T11:48:53.427Z"
            }
        ],
        "status": "New"
    },
    {
        "_id": "5dd799789be3681c000038fd",
        "description": "This is a new issue",
        "fromemail": "flobiztest@gmail.com",
        "title": "New Issue",
        "ticket": "GFORA",
        "customer": [
            {
                "_id": "588890a5f54b5f59000003c9",
                "name": "Exxon Inc.",
                "_created": "2017-01-25T11:48:53.427Z",
                "_changed": "2017-01-25T11:48:53.427Z"
            }
        ],
        "status": "New"
    },
    {
        "_id": "5dd79a139be3681c00003903",
        "description": "This is a new issue",
        "fromemail": "flobiztest@gmail.com",
        "title": "New Issue",
        "ticket": "9QLFE",
        "customer": [
            {
                "_id": "588890a5f54b5f59000003c9",
                "name": "Exxon Inc.",
                "_created": "2017-01-25T11:48:53.427Z",
                "_changed": "2017-01-25T11:48:53.427Z"
            }
        ],
        "status": "New"
    },
    {
        "_id": "5dd79a449be3681c00003907",
        "description": "This is a new issue",
        "fromemail": "flobiztest@gmail.com",
        "title": "New Issue",
        "ticket": "73XBV",
        "customer": [
            {
                "_id": "588890a5f54b5f59000003c9",
                "name": "Exxon Inc.",
                "_created": "2017-01-25T11:48:53.427Z",
                "_changed": "2017-01-25T11:48:53.427Z"
            }
        ],
        "status": "New"
    },
    {
        "_id": "5dd7a0519be3681c0000392f",
        "description": "This is a new issue",
        "fromemail": "flobiztest@gmail.com",
        "title": "New Issue",
        "ticket": "V537R",
        "customer": [
            {
                "_id": "588890a5f54b5f59000003c9",
                "name": "Exxon Inc.",
                "_created": "2017-01-25T11:48:53.427Z",
                "_changed": "2017-01-25T11:48:53.427Z"
            }
        ],
        "status": "New"
    },
    {
        "_id": "5dd92bbb9be3681c0000462a",
        "description": "This is a new issue",
        "fromemail": "flobiztest@gmail.com",
        "title": "New Issue",
        "ticket": "CXGV6",
        "customer": [
            {
                "_id": "588890a5f54b5f59000003c9",
                "name": "Exxon Inc.",
                "_created": "2017-01-25T11:48:53.427Z",
                "_changed": "2017-01-25T11:48:53.427Z"
            }
        ],
        "status": "New"
    },
    {
        "_id": "5dd9719d9be3681c0000482c",
        "description": "This is a new issue",
        "fromemail": "flobiztest@gmail.com",
        "title": "New Issue",
        "ticket": "IJ9MN",
        "customer": [
            {
                "_id": "588890a5f54b5f59000003c9",
                "name": "Exxon Inc.",
                "_created": "2017-01-25T11:48:53.427Z",
                "_changed": "2017-01-25T11:48:53.427Z"
            }
        ],
        "status": "New"
    },
    {
        "_id": "5ddfaf559be3681c00007c3d",
        "description": "This is a new issue 5",
        "fromemail": "test123@gmail.com",
        "title": "New issue 4",
        "id": 0,
        "ticket": "0VDV7",
        "customer": [
            {
                "_id": "5887dd51f54b5f59000000d8",
                "name": "restdb.io",
                "_created": "2017-01-24T23:03:45.332Z",
                "_changed": "2017-01-25T11:45:37.126Z"
            }
        ],
        "status": "New"
    }
]
naren2profession@gmail.com
]]></system-out>
  </testcase>
  <testcase name="testIssueById" classname="com.qa.tests.FlobizAssignment" time="1.05"/>
  <testcase name="testListAll" classname="com.qa.tests.FlobizAssignment" time="1.471"/>
  <testcase name="testModifyIssue" classname="com.qa.tests.FlobizAssignment" time="1.562">
    <failure message="1 expectation failed.&#10;Expected status code &lt;200&gt; but was &lt;500&gt;.&#10;" type="java.lang.AssertionError"><![CDATA[java.lang.AssertionError: 
1 expectation failed.
Expected status code <200> but was <500>.

	at com.qa.tests.FlobizAssignment.testModifyIssue(FlobizAssignment.java:146)
]]></failure>
    <system-out><![CDATA[*** Executed testListAll test successfully...
*** Running test method testModifyIssue...
]]></system-out>
  </testcase>
  <testcase name="testModifyIssueErrorMessage" classname="com.qa.tests.FlobizAssignment" time="1.317"/>
  <testcase name="testEqualToFunction" classname="com.qa.tests.GETValidations" time="1.201"/>
  <testcase name="testExractDetailWithPath" classname="com.qa.tests.GETValidations" time="2.473"/>
  <testcase name="testExractResponse" classname="com.qa.tests.GETValidations" time="0.314"/>
  <testcase name="testHasItems" classname="com.qa.tests.GETValidations" time="0.332"/>
  <testcase name="testHeader" classname="com.qa.tests.GETValidations" time="1.449"/>
  <testcase name="testHeaderParameter" classname="com.qa.tests.GETValidations" time="1.134">
    <failure message="1 expectation failed.&#10;Expected status code &lt;200&gt; but was &lt;404&gt;.&#10;" type="java.lang.AssertionError"><![CDATA[java.lang.AssertionError: 
1 expectation failed.
Expected status code <200> but was <404>.

	at com.qa.tests.GETValidations.testHeaderParameter(GETValidations.java:120)
]]></failure>
    <system-out><![CDATA[*** Executed testHeader test successfully...
*** Running test method testHeaderParameter...
]]></system-out>
  </testcase>
  <testcase name="testJSONarray" classname="com.qa.tests.GETValidations" time="0.703"/>
  <testcase name="testLogging" classname="com.qa.tests.GETValidations" time="0.35"/>
  <testcase name="testPathParameter" classname="com.qa.tests.GETValidations" time="1.035"/>
  <testcase name="testQueryParameter" classname="com.qa.tests.GETValidations" time="1.04"/>
  <testcase name="testSetCookies" classname="com.qa.tests.GETValidations" time="2.61"/>
  <testcase name="testSetMultivalueParameter" classname="com.qa.tests.GETValidations" time="2.296"/>
  <testcase name="testSetPathParameter" classname="com.qa.tests.GETValidations" time="0.314"/>
  <testcase name="testStatusCode" classname="com.qa.tests.GETValidations" time="0.626"/>
  <testcase name="testWithRoot" classname="com.qa.tests.GETValidations" time="1.34"/>
  <testcase name="testxmlOutput" classname="com.qa.tests.GETValidations" time="0.92"/>
  <testcase name="testCountNodes" classname="com.qa.tests.GroovyFeatures" time="0.356"/>
  <testcase name="testHasItems" classname="com.qa.tests.GroovyFeatures" time="0.345"/>
  <testcase name="testJsonPath" classname="com.qa.tests.GroovyFeatures" time="0.349"/>
  <testcase name="testListOfNodes" classname="com.qa.tests.GroovyFeatures" time="0.344"/>
  <testcase name="testSchema" classname="com.qa.tests.GroovyFeatures" time="0.677"/>
  <testcase name="testSSL" classname="com.qa.tests.HandlingSSL_TLS" time="0.636"/>
  <testcase name="testTLS" classname="com.qa.tests.HandlingSSL_TLS" time="0.337"/>
  <testcase name="testCookies" classname="com.qa.tests.HeadersAndCookiesValidation" time="0.181"/>
  <testcase name="testDetailedCookies" classname="com.qa.tests.HeadersAndCookiesValidation" time="0.172"/>
  <testcase name="testHeaders" classname="com.qa.tests.HeadersAndCookiesValidation" time="0.182"/>
  <testcase name="testSetMultiCookies" classname="com.qa.tests.HeadersAndCookiesValidation" time="0.017">
    <failure message="1 expectation failed.&#10;Expected status code &lt;200&gt; but was &lt;403&gt;.&#10;" type="java.lang.AssertionError"><![CDATA[java.lang.AssertionError: 
1 expectation failed.
Expected status code <200> but was <403>.

	at com.qa.tests.HeadersAndCookiesValidation.testSetMultiCookies(HeadersAndCookiesValidation.java:83)
]]></failure>
    <system-out><![CDATA[*** Executed testHeaders test successfully...
*** Running test method testSetMultiCookies...
]]></system-out>
  </testcase>
  <testcase name="loggingTest" classname="com.qa.tests.LoggingValidations" time="0.209"/>
  <testcase name="simplePost" classname="com.qa.tests.PostValidations" time="0.568">
    <failure message="1 expectation failed.&#10;Expected status code &lt;201&gt; but was &lt;415&gt;.&#10;" type="java.lang.AssertionError"><![CDATA[java.lang.AssertionError: 
1 expectation failed.
Expected status code <201> but was <415>.

	at com.qa.tests.PostValidations.simplePost(PostValidations.java:22)
]]></failure>
    <system-out><![CDATA[*** Executed loggingTest test successfully...
*** Running test method simplePost...
]]></system-out>
  </testcase>
  <testcase name="testCreateIssue" classname="com.qa.tests.PostValidations" time="5.678">
    <failure message="1 expectation failed.&#10;Expected status code &lt;201&gt; but was &lt;500&gt;.&#10;" type="java.lang.AssertionError"><![CDATA[java.lang.AssertionError: 
1 expectation failed.
Expected status code <201> but was <500>.

	at com.qa.tests.PostValidations.testCreateIssue(PostValidations.java:45)
]]></failure>
    <system-out><![CDATA[*** Test execution simplePost failed...
*** Running test method testCreateIssue...
]]></system-out>
  </testcase>
  <testcase name="testCookiesInResponse" classname="com.qa.tests.ResponseVerification" time="0.19">
    <failure message="1 expectation failed.&#10;Expected cookie &quot;__cfduid&quot; was not &quot;ddfb7fa7cebeb7d4d698f28dad04e6a881575996976&quot;, was &quot;d78e0dbe322bbf5b057f466e7dd59df731577084970&quot;.&#10;" type="java.lang.AssertionError"><![CDATA[java.lang.AssertionError: 
1 expectation failed.
Expected cookie "__cfduid" was not "ddfb7fa7cebeb7d4d698f28dad04e6a881575996976", was "d78e0dbe322bbf5b057f466e7dd59df731577084970".

	at com.qa.tests.ResponseVerification.testCookiesInResponse(ResponseVerification.java:49)
]]></failure>
    <system-out><![CDATA[*** Test execution testCreateIssue failed...
*** Running test method testCookiesInResponse...
]]></system-out>
  </testcase>
  <testcase name="testHeadersInResponse" classname="com.qa.tests.ResponseVerification" time="0.74"/>
  <testcase name="testResponseTime" classname="com.qa.tests.ResponseVerification" time="0.508"/>
  <testcase name="testStauslineInResponse" classname="com.qa.tests.ResponseVerification" time="0.515"/>
  <testcase name="testresponse" classname="com.qa.tests.SpecBuilderValidation" time="0.211"/>
</testsuite>